'--------------------------------------------'
'---START TIME : Thu 12/30/2021 10:41:31.65---------------'
'----Process Started for NonXBRLParse----------'
'----Process Ended for NonXBRLParse----------'
'---END TIME : Thu 12/30/2021 10:41:32.69---------------'
'--------------------------------------------'
'---START TIME : Thu 12/30/2021 11:01:46.42---------------'
'----Process Started for NonXBRLParse----------'
'----Process Ended for NonXBRLParse----------'
'---END TIME : Thu 12/30/2021 11:01:47.41---------------'
'--------------------------------------------'
'---START TIME : Thu 12/30/2021 11:02:12.76---------------'
'----Process Started for NonXBRLParse----------'
'----Process Ended for NonXBRLParse----------'
'---END TIME : Thu 12/30/2021 11:02:13.87---------------'
'--------------------------------------------'
'---START TIME : Thu 12/30/2021 11:02:32.42---------------'
'----Process Started for NonXBRLParse----------'
'----Process Ended for NonXBRLParse----------'
'---END TIME : Thu 12/30/2021 11:02:33.30---------------'
'--------------------------------------------'
'---START TIME : Thu 12/30/2021 11:06:17.78---------------'
'----Process Started for NonXBRLParse----------'
'----Process Ended for NonXBRLParse----------'
'---END TIME : Thu 12/30/2021 11:06:20.36---------------'
'--------------------------------------------'
'---START TIME : Thu 12/30/2021 11:07:53.49---------------'
'----Process Started for NonXBRLParse----------'
'----Process Ended for NonXBRLParse----------'
'---END TIME : Thu 12/30/2021 11:07:54.98---------------'
'--------------------------------------------'
'---START TIME : Thu 12/30/2021 11:24:12.88---------------'
'----Process Started for NonXBRLParse----------'
'----Process Ended for NonXBRLParse----------'
'---END TIME : Thu 12/30/2021 11:24:14.03---------------'
'--------------------------------------------'
'---START TIME : Thu 12/30/2021 14:56:41.09---------------'
'----Process Started for NonXBRLParse----------'
'----Process Ended for NonXBRLParse----------'
'---END TIME : Thu 12/30/2021 14:58:10.61---------------'
'--------------------------------------------'
'---START TIME : Thu 12/30/2021 15:03:27.42---------------'
'----Process Started for NonXBRLParse----------'
'----Process Ended for NonXBRLParse----------'
'---END TIME : Thu 12/30/2021 15:04:59.93---------------'
'--------------------------------------------'
'---START TIME : Thu 12/30/2021 15:44:25.81---------------'
'----Process Started for NonXBRLParse----------'
'--------------------------------------------'
'---START TIME : Thu 12/30/2021 15:45:38.76---------------'
'----Process Started for NonXBRLParse----------'
'--------------------------------------------'
'---START TIME : Thu 12/30/2021 15:45:39.52---------------'
'----Process Started for NonXBRLParse----------'
'--------------------------------------------'
'---START TIME : Thu 12/30/2021 15:46:35.17---------------'
'----Process Started for NonXBRLParse----------'
'----Process Ended for NonXBRLParse----------'
'---END TIME : Thu 12/30/2021 15:47:06.99---------------'
'----Process Ended for NonXBRLParse----------'
'---END TIME : Thu 12/30/2021 15:47:10.91---------------'
'----Process Ended for NonXBRLParse----------'
'---END TIME : Thu 12/30/2021 15:48:07.04---------------'
'--------------------------------------------'
'---START TIME : Thu 12/30/2021 15:50:51.13---------------'
'----Process Started for DIR12Parse----------'
'----Process Ended for DIR12Parse----------'
'---END TIME : Thu 12/30/2021 15:50:54.96---------------'
'--------------------------------------------'
'---START TIME : Thu 12/30/2021 16:02:47.94---------------'
'----Process Started for DIR12Parse----------'
'----Process Ended for DIR12Parse----------'
'---END TIME : Thu 12/30/2021 16:04:44.50---------------'
'--------------------------------------------'
'---START TIME : Sat 01/08/2022 14:33:33.03---------------'
'----Process Started for NonXBRLParse----------'
'--------------------------------------------'
'---START TIME : Sat 01/08/2022 14:33:57.30---------------'
'----Process Started for NonXBRLParse----------'
'----Process Ended for NonXBRLParse----------'
'---END TIME : Sat 01/08/2022 14:34:18.89---------------'
'----Process Ended for NonXBRLParse----------'
'---END TIME : Sat 01/08/2022 14:34:40.56---------------'
'--------------------------------------------'
'---START TIME : Sat 01/08/2022 15:04:23.58---------------'
'----Process Started for NonXBRLParse----------'
'----Process Ended for NonXBRLParse----------'
'---END TIME : Sat 01/08/2022 15:05:09.69---------------'
'--------------------------------------------'
'---START TIME : Sun 01/09/2022 22:41:47.27---------------'
'----Process Started for NonXBRLParse----------'
'----Process Ended for NonXBRLParse----------'
'---END TIME : Sun 01/09/2022 22:42:33.39---------------'
'--------------------------------------------'
'---START TIME : Mon 01/10/2022 11:51:46.81---------------'
'----Process Started for NonXBRLParse----------'
'----Process Ended for NonXBRLParse----------'
'---END TIME : Mon 01/10/2022 11:52:06.81---------------'
'--------------------------------------------'
'---START TIME : Mon 01/17/2022 20:28:13.13---------------'
'----Process Started for NonXBRLParse----------'
'----Process Ended for NonXBRLParse----------'
'---END TIME : Mon 01/17/2022 20:28:33.34---------------'
'--------------------------------------------'
'---START TIME : Mon 01/17/2022 22:41:02.84---------------'
'----Process Started for NonXBRLParse----------'
'----Process Ended for NonXBRLParse----------'
'---END TIME : Mon 01/17/2022 22:41:25.75---------------'
'--------------------------------------------'
'---START TIME : Mon 01/17/2022 22:41:48.29---------------'
'----Process Started for NonXBRLParse----------'
'----Process Ended for NonXBRLParse----------'
'---END TIME : Mon 01/17/2022 22:42:10.19---------------'
'--------------------------------------------'
'---START TIME : Mon 01/17/2022 22:57:13.52---------------'
'----Process Started for NonXBRLParse----------'
'--------------------------------------------'
'---START TIME : Mon 01/17/2022 22:57:19.03---------------'
'----Process Started for NonXBRLParse----------'
'--------------------------------------------'
'---START TIME : Mon 01/17/2022 22:57:22.76---------------'
'----Process Started for NonXBRLParse----------'
'----Process Ended for NonXBRLParse----------'
'---END TIME : Mon 01/17/2022 22:57:32.63---------------'
'----Process Ended for NonXBRLParse----------'
'---END TIME : Mon 01/17/2022 22:57:38.29---------------'
'----Process Ended for NonXBRLParse----------'
'---END TIME : Mon 01/17/2022 22:57:42.34---------------'
'--------------------------------------------'
'---START TIME : Mon 01/17/2022 22:59:57.50---------------'
'----Process Started for NonXBRLParse----------'
'--------------------------------------------'
'---START TIME : Mon 01/17/2022 23:00:10.41---------------'
'----Process Started for NonXBRLParse----------'
'--------------------------------------------'
'---START TIME : Mon 01/17/2022 23:00:13.11---------------'
'----Process Started for NonXBRLParse----------'
'----Process Ended for NonXBRLParse----------'
'---END TIME : Mon 01/17/2022 23:00:16.15---------------'
'----Process Ended for NonXBRLParse----------'
'---END TIME : Mon 01/17/2022 23:00:28.37---------------'
'----Process Ended for NonXBRLParse----------'
'---END TIME : Mon 01/17/2022 23:00:31.62---------------'
'--------------------------------------------'
'---START TIME : Mon 01/17/2022 23:00:47.45---------------'
'----Process Started for NonXBRLParse----------'
'--------------------------------------------'
'---START TIME : Mon 01/17/2022 23:00:53.20---------------'
'----Process Started for NonXBRLParse----------'
'----Process Ended for NonXBRLParse----------'
'---END TIME : Mon 01/17/2022 23:01:06.77---------------'
'----Process Ended for NonXBRLParse----------'
'---END TIME : Mon 01/17/2022 23:01:11.16---------------'
'--------------------------------------------'
'---START TIME : Mon 01/17/2022 23:03:51.96---------------'
'----Process Started for NonXBRLParse----------'
'----Process Ended for NonXBRLParse----------'
'---END TIME : Mon 01/17/2022 23:04:10.38---------------'
'--------------------------------------------'
'---START TIME : Wed 01/19/2022 14:35:40.48---------------'
'----Process Started for NonXBRLParse----------'
'--------------------------------------------'
'---START TIME : Wed 01/19/2022 14:35:49.06---------------'
'----Process Started for NonXBRLParse----------'
'----Process Ended for NonXBRLParse----------'
'---END TIME : Wed 01/19/2022 14:36:21.29---------------'
'----Process Ended for NonXBRLParse----------'
'---END TIME : Wed 01/19/2022 14:36:34.55---------------'
'--------------------------------------------'
'---START TIME : Wed 01/19/2022 14:37:06.12---------------'
'----Process Started for NonXBRLParse----------'
'--------------------------------------------'
'---START TIME : Wed 01/19/2022 14:37:13.26---------------'
'----Process Started for NonXBRLParse----------'
'----Process Ended for NonXBRLParse----------'
'---END TIME : Wed 01/19/2022 14:37:50.65---------------'
'----Process Ended for NonXBRLParse----------'
'---END TIME : Wed 01/19/2022 14:37:54.72---------------'
'--------------------------------------------'
'---START TIME : Wed 01/19/2022 14:48:22.18---------------'
'----Process Started for NonXBRLParse----------'
'----Process Ended for NonXBRLParse----------'
'---END TIME : Wed 01/19/2022 14:48:58.56---------------'
'--------------------------------------------'
'---START TIME : Wed 01/19/2022 15:01:33.13---------------'
'----Process Started for NonXBRLParse----------'
'----Process Ended for NonXBRLParse----------'
'---END TIME : Wed 01/19/2022 15:02:17.70---------------'
'--------------------------------------------'
'---START TIME : Wed 01/19/2022 15:25:10.29---------------'
'----Process Started for NonXBRLParse----------'
'----Process Ended for NonXBRLParse----------'
'---END TIME : Wed 01/19/2022 15:26:08.19---------------'
